Using pre-set license
Built from '2021.3/staging' branch; Version is '2021.3.21f1 (1b156197d683) revision 1774945'; Using compiler version '192829333'; Build Type 'Release'
OS: 'Windows 11  (10.0.22621) 64bit Enterprise' Language: 'en' Physical Memory: 65261 MB
BatchMode: 1, IsHumanControllingUs: 0, StartBugReporterOnCrash: 0, Is64bit: 1, IsPro: 1

COMMAND LINE ARGUMENTS:
C:\Program Files\Unity 2021.3.21f1\Editor\Unity.exe
-adb2
-batchMode
-noUpm
-name
AssetImportWorker0
-projectPath
C:/Caden/First-Person-Nartavie/1st per
-logFile
Logs/AssetImportWorker0.log
-srvPort
58496
Successfully changed project path to: C:/Caden/First-Person-Nartavie/1st per
C:/Caden/First-Person-Nartavie/1st per
[UnityMemory] Configuration Parameters - Can be set up in boot.config
    "memorysetup-bucket-allocator-granularity=16"
    "memorysetup-bucket-allocator-bucket-count=8"
    "memorysetup-bucket-allocator-block-size=33554432"
    "memorysetup-bucket-allocator-block-count=8"
    "memorysetup-main-allocator-block-size=16777216"
    "memorysetup-thread-allocator-block-size=16777216"
    "memorysetup-gfx-main-allocator-block-size=16777216"
    "memorysetup-gfx-thread-allocator-block-size=16777216"
    "memorysetup-cache-allocator-block-size=4194304"
    "memorysetup-typetree-allocator-block-size=2097152"
    "memorysetup-profiler-bucket-allocator-granularity=16"
    "memorysetup-profiler-bucket-allocator-bucket-count=8"
    "memorysetup-profiler-bucket-allocator-block-size=33554432"
    "memorysetup-profiler-bucket-allocator-block-count=8"
    "memorysetup-profiler-allocator-block-size=16777216"
    "memorysetup-profiler-editor-allocator-block-size=1048576"
    "memorysetup-temp-allocator-size-main=16777216"
    "memorysetup-job-temp-allocator-block-size=2097152"
    "memorysetup-job-temp-allocator-block-size-background=1048576"
    "memorysetup-job-temp-allocator-reduction-small-platforms=262144"
    "memorysetup-temp-allocator-size-background-worker=32768"
    "memorysetup-temp-allocator-size-job-worker=262144"
    "memorysetup-temp-allocator-size-preload-manager=33554432"
    "memorysetup-temp-allocator-size-nav-mesh-worker=65536"
    "memorysetup-temp-allocator-size-audio-worker=65536"
    "memorysetup-temp-allocator-size-cloud-worker=32768"
    "memorysetup-temp-allocator-size-gi-baking-worker=262144"
    "memorysetup-temp-allocator-size-gfx=262144"
Player connection [19980] Host "[IP] 10.69.43.96 [Port] 0 [Flags] 2 [Guid] 3170017920 [EditorId] 3170017920 [Version] 1048832 [Id] WindowsEditor(7,RC37813) [Debug] 1 [PackageName] WindowsEditor [ProjectName] Editor" joined multi-casting on [225.0.0.222:54997]...

Player connection [19980] Host "[IP] 10.69.43.96 [Port] 0 [Flags] 2 [Guid] 3170017920 [EditorId] 3170017920 [Version] 1048832 [Id] WindowsEditor(7,RC37813) [Debug] 1 [PackageName] WindowsEditor [ProjectName] Editor" joined alternative multi-casting on [225.0.0.222:34997]...

Refreshing native plugins compatible for Editor in 93.49 ms, found 3 plugins.
Preloading 0 native plugins for Editor in 0.00 ms.
Initialize engine version: 2021.3.21f1 (1b156197d683)
[Subsystems] Discovering subsystems at path C:/Program Files/Unity 2021.3.21f1/Editor/Data/Resources/UnitySubsystems
[Subsystems] Discovering subsystems at path C:/Caden/First-Person-Nartavie/1st per/Assets
GfxDevice: creating device client; threaded=0; jobified=0
Direct3D:
    Version:  Direct3D 11.0 [level 11.1]
    Renderer: NVIDIA GeForce RTX 3060 (ID=0x2504)
    Vendor:   NVIDIA
    VRAM:     12129 MB
    Driver:   31.0.15.3713
Initialize mono
Mono path[0] = 'C:/Program Files/Unity 2021.3.21f1/Editor/Data/Managed'
Mono path[1] = 'C:/Program Files/Unity 2021.3.21f1/Editor/Data/MonoBleedingEdge/lib/mono/unityjit-win32'
Mono config path = 'C:/Program Files/Unity 2021.3.21f1/Editor/Data/MonoBleedingEdge/etc'
Using monoOptions --debugger-agent=transport=dt_socket,embedding=1,server=y,suspend=n,address=127.0.0.1:56464
Begin MonoManager ReloadAssembly
Registering precompiled unity dll's ...
Register platform support module: C:/Program Files/Unity 2021.3.21f1/Editor/Data/PlaybackEngines/WebGLSupport/UnityEditor.WebGL.Extensions.dll
Register platform support module: C:/Program Files/Unity 2021.3.21f1/Editor/Data/PlaybackEngines/AndroidPlayer/UnityEditor.Android.Extensions.dll
Register platform support module: C:/Program Files/Unity 2021.3.21f1/Editor/Data/PlaybackEngines/iOSSupport/UnityEditor.iOS.Extensions.dll
Register platform support module: C:/Program Files/Unity 2021.3.21f1/Editor/Data/PlaybackEngines/AppleTVSupport/UnityEditor.AppleTV.Extensions.dll
Register platform support module: C:/Program Files/Unity 2021.3.21f1/Editor/Data/PlaybackEngines/WindowsStandaloneSupport/UnityEditor.WindowsStandalone.Extensions.dll
Register platform support module: C:/Program Files/Unity 2021.3.21f1/Editor/Data/PlaybackEngines/MetroSupport/UnityEditor.UWP.Extensions.dll
Registered in 0.004156 seconds.
Native extension for UWP target not found
Native extension for WindowsStandalone target not found
[usbmuxd] Start listen thread
[usbmuxd] Listen thread started
Native extension for AppleTV target not found
[usbmuxd] Start listen thread
[usbmuxd] Listen thread started
Native extension for iOS target not found
Native extension for Android target not found
Android SDK Build-tools component is not found. Make sure all tools are installed in the SDK manager. Latest supported build-tools version is 30.0.3
UnityEngine.StackTraceUtility:ExtractStackTrace ()
UnityEngine.DebugLogHandler:LogFormat (UnityEngine.LogType,UnityEngine.Object,string,object[])
UnityEngine.Logger:Log (UnityEngine.LogType,object)
UnityEngine.Debug:LogError (object)
UnityEditor.Android.AndroidSDKTools:UpdateToolsDirectories ()
UnityEditor.Android.AndroidSDKTools:.ctor (string)
UnityEditor.Android.AndroidSDKTools:CreateAndroidSDKTools (string)
UnityEditor.Android.AndroidSDKTools:GetInstance<UnityEditor.Android.AndroidSDKTools> (UnityEditor.Android.AndroidSDKTools/InstanceCreator)
UnityEditor.Android.AndroidSDKTools:GetInstance ()
UnityEditor.Android.AndroidDeploymentTargetsExtension:GetMainThreadContext (bool)
UnityEditor.Android.TargetExtension:OnUsbDevicesChanged (UnityEditor.Hardware.UsbDevice[])
UnityEditor.Android.TargetExtension:OnLoad ()
UnityEditor.Modules.ModuleManager:InitializePlatformSupportModules ()

Android Extension - Scanning For ADB Devices 667 ms
Native extension for WebGL target not found
Refreshing native plugins compatible for Editor in 111.20 ms, found 3 plugins.
Preloading 0 native plugins for Editor in 0.00 ms.
Mono: successfully reloaded assembly
- Completed reload, in  1.395 seconds
Domain Reload Profiling:
	ReloadAssembly (1396ms)
		BeginReloadAssembly (79ms)
			ExecutionOrderSort (0ms)
			DisableScriptedObjects (0ms)
			BackupInstance (0ms)
			ReleaseScriptingObjects (0ms)
			CreateAndSetChildDomain (1ms)
		EndReloadAssembly (1219ms)
			LoadAssemblies (78ms)
			RebuildTransferFunctionScriptingTraits (0ms)
			SetupTypeCache (128ms)
			ReleaseScriptCaches (0ms)
			RebuildScriptCaches (31ms)
			SetupLoadedEditorAssemblies (1014ms)
				LogAssemblyErrors (0ms)
				InitializePlatformSupportModulesInManaged (763ms)
				SetLoadedEditorAssemblies (1ms)
				RefreshPlugins (111ms)
				BeforeProcessingInitializeOnLoad (2ms)
				ProcessInitializeOnLoadAttributes (100ms)
				ProcessInitializeOnLoadMethodAttributes (37ms)
				AfterProcessingInitializeOnLoad (0ms)
				EditorAssembliesLoaded (0ms)
			ExecutionOrderSort2 (0ms)
			AwakeInstancesAfterBackupRestoration (0ms)
Platform modules already initialized, skipping
Registering precompiled user dll's ...
Registered in 0.005597 seconds.
Begin MonoManager ReloadAssembly
Symbol file LoadedFromMemory doesn't match image C:\Caden\First-Person-Nartavie\1st per\Library\PackageCache\com.unity.visualscripting@1.7.6\Editor\VisualScripting.Core\Dependencies\YamlDotNet\Unity.VisualScripting.YamlDotNet.dll
Symbol file LoadedFromMemory doesn't match image C:\Caden\First-Person-Nartavie\1st per\Library\PackageCache\com.unity.visualscripting@1.7.6\Editor\VisualScripting.Core\Dependencies\DotNetZip\Unity.VisualScripting.IonicZip.dll
Native extension for UWP target not found
Native extension for WindowsStandalone target not found
Native extension for AppleTV target not found
Native extension for iOS target not found
Native extension for Android target not found
Native extension for WebGL target not found
Refreshing native plugins compatible for Editor in 0.49 ms, found 3 plugins.
Preloading 0 native plugins for Editor in 0.00 ms.
Mono: successfully reloaded assembly
- Completed reload, in  1.150 seconds
Domain Reload Profiling:
	ReloadAssembly (1151ms)
		BeginReloadAssembly (136ms)
			ExecutionOrderSort (0ms)
			DisableScriptedObjects (8ms)
			BackupInstance (0ms)
			ReleaseScriptingObjects (0ms)
			CreateAndSetChildDomain (29ms)
		EndReloadAssembly (895ms)
			LoadAssemblies (90ms)
			RebuildTransferFunctionScriptingTraits (0ms)
			SetupTypeCache (310ms)
			ReleaseScriptCaches (1ms)
			RebuildScriptCaches (69ms)
			SetupLoadedEditorAssemblies (367ms)
				LogAssemblyErrors (0ms)
				InitializePlatformSupportModulesInManaged (28ms)
				SetLoadedEditorAssemblies (0ms)
				RefreshPlugins (1ms)
				BeforeProcessingInitializeOnLoad (83ms)
				ProcessInitializeOnLoadAttributes (220ms)
				ProcessInitializeOnLoadMethodAttributes (28ms)
				AfterProcessingInitializeOnLoad (6ms)
				EditorAssembliesLoaded (2ms)
			ExecutionOrderSort2 (0ms)
			AwakeInstancesAfterBackupRestoration (7ms)
Platform modules already initialized, skipping
========================================================================
Worker process is ready to serve import requests
Launched and connected shader compiler UnityShaderCompiler.exe after 0.11 seconds
Refreshing native plugins compatible for Editor in 0.87 ms, found 3 plugins.
Preloading 0 native plugins for Editor in 0.00 ms.
Unloading 3388 Unused Serialized files (Serialized files now loaded: 0)
Unloading 24 unused Assets / (56.1 KB). Loaded Objects now: 3850.
Memory consumption went from 115.9 MB to 115.9 MB.
Total: 6.041100 ms (FindLiveObjects: 0.738900 ms CreateObjectMapping: 0.459200 ms MarkObjects: 4.725900 ms  DeleteObjects: 0.115200 ms)

AssetImportParameters requested are different than current active one (requested -> active):
  custom:video-decoder-ogg-theora: a1e56fd34408186e4bbccfd4996cb3dc -> 
  custom:container-muxer-webm: aa71ff27fc2769a1b78a27578f13a17b -> 
  custom:container-demuxer-webm: 4f35f7cbe854078d1ac9338744f61a02 -> 
  custom:video-encoder-webm-vp8: eb34c28f22e8b96e1ab97ce403110664 -> 
  custom:video-codec-MediaFoundation-h265: 746d11721c4dcdbdad8f713fa42b33f4 -> 
  custom:audio-encoder-webm-vorbis: bf7c407c2cedff20999df2af8eb42d56 -> 
  custom:framework-win-MediaFoundation: 216162199b28c13a410421893ffa2e32 -> 
  custom:container-demuxer-ogg: 62fdf1f143b41e24485cea50d1cbac27 -> 
  custom:video-decoder-webm-vp8: 9c59270c3fd7afecdb556c50c9e8de78 -> 
  custom:audio-decoder-ogg-vorbis: bf7c407c2cedff20999df2af8eb42d56 -> 
========================================================================
Received Prepare
Registering precompiled user dll's ...
Registered in 0.000945 seconds.
Required property 'name' not set (Packages/com.unity.visualscripting/Editor/VisualScripting.Flow/Unity.VisualScripting.Flow.Editor.asmdef)
Required property 'name' not set (Packages/com.unity.services.core/Runtime/Telemetry/Unity.Services.Core.Telemetry.asmdef)
Required property 'name' not set (Packages/com.unity.timeline/Runtime/Unity.Timeline.asmdef)
Required property 'name' not set (Packages/com.unity.visualscripting/Editor/VisualScripting.Core/Unity.VisualScripting.Core.Editor.asmdef)
Required property 'name' not set (Packages/com.unity.visualscripting/Editor/VisualScripting.State/Unity.VisualScripting.State.Editor.asmdef)
Required property 'name' not set (Packages/com.unity.services.core/Runtime/Networking/Unity.Services.Core.Networking.asmdef)
Required property 'name' not set (Packages/com.unity.visualscripting/Editor/SettingsProvider/Unity.VisualScripting.SettingsProvider.Editor.asmdef)
Required property 'name' not set (Packages/com.unity.visualscripting/Runtime/VisualScripting.Flow/Unity.VisualScripting.Flow.asmdef)
Required property 'name' not set (Packages/com.unity.collab-proxy/Editor/PlasticSCM/Unity.PlasticSCM.Editor.asmdef)
Required property 'name' not set (Packages/com.unity.timeline/DocCodeExamples/DocCodeExamples.asmdef)
Required property 'name' not set (Packages/com.unity.services.core/Runtime/Core.Internal/Unity.Services.Core.Internal.asmdef)
Required property 'name' not set (Packages/com.unity.services.core/Runtime/Configuration/Unity.Services.Core.Configuration.asmdef)
Required property 'name' not set (Packages/com.unity.services.core/Runtime/Core/Unity.Services.Core.asmdef)
Required property 'name' not set (Packages/com.unity.visualscripting/Runtime/VisualScripting.Core/Unity.VisualScripting.Core.asmdef)
Required property 'name' not set (Packages/com.unity.services.core/Editor/Core/Unity.Services.Core.Editor.asmdef)
Required property 'name' not set (Packages/com.unity.services.core/Editor/Core/Configuration/Unity.Services.Core.Configuration.Editor.asmdef)
Required property 'name' not set (Packages/com.unity.services.core/Runtime/Analytics/Unity.Services.Core.Analytics.asmdef)
Required property 'name' not set (Packages/com.unity.services.core/Runtime/Registration/Unity.Services.Core.Registration.asmdef)
Required property 'name' not set (Packages/com.unity.visualscripting/Editor/VisualScripting.Shared/Unity.VisualScripting.Shared.Editor.asmdef)
Required property 'name' not set (Packages/com.unity.services.core/Runtime/Environments/Unity.Services.Core.Environments.asmdef)
Required property 'name' not set (Packages/com.unity.services.core/Runtime/Scheduler/Unity.Services.Core.Scheduler.asmdef)
Required property 'name' not set (Packages/com.unity.services.core/Runtime/Environments/Internal/Unity.Services.Core.Environments.Internal.asmdef)
Required property 'name' not set (Packages/com.unity.timeline/Editor/Unity.Timeline.Editor.asmdef)
Required property 'name' not set (Packages/com.unity.collab-proxy/Editor/Collaborate/Unity.CollabProxy.Editor.asmdef)
Required property 'name' not set (Packages/com.unity.collab-proxy/Tests/Editor/Collaborate/Unity.CollabProxy.EditorTests.asmdef)
Required property 'name' not set (Packages/com.unity.services.core/Runtime/Threading/Unity.Services.Core.Threading.asmdef)
Required property 'name' not set (Packages/com.unity.collab-proxy/Tests/Editor/PlasticSCM/Unity.PlasticSCM.EditorTests.asmdef)
Required property 'name' not set (Packages/com.unity.visualscripting/Runtime/VisualScripting.State/Unity.VisualScripting.State.asmdef)
Required property 'name' not set (Packages/com.unity.services.core/Runtime/Device/Unity.Services.Core.Device.asmdef)
Required property 'name' not set (Packages/com.unity.visualscripting/Editor/VisualScripting.Flow/Unity.VisualScripting.Flow.Editor.asmdef)
Required property 'name' not set (Packages/com.unity.services.core/Runtime/Telemetry/Unity.Services.Core.Telemetry.asmdef)
Required property 'name' not set (Packages/com.unity.timeline/Runtime/Unity.Timeline.asmdef)
Required property 'name' not set (Packages/com.unity.visualscripting/Editor/VisualScripting.Core/Unity.VisualScripting.Core.Editor.asmdef)
Required property 'name' not set (Packages/com.unity.visualscripting/Editor/VisualScripting.State/Unity.VisualScripting.State.Editor.asmdef)
Required property 'name' not set (Packages/com.unity.services.core/Runtime/Networking/Unity.Services.Core.Networking.asmdef)
Required property 'name' not set (Packages/com.unity.visualscripting/Editor/SettingsProvider/Unity.VisualScripting.SettingsProvider.Editor.asmdef)
Required property 'name' not set (Packages/com.unity.visualscripting/Runtime/VisualScripting.Flow/Unity.VisualScripting.Flow.asmdef)
Required property 'name' not set (Packages/com.unity.collab-proxy/Editor/PlasticSCM/Unity.PlasticSCM.Editor.asmdef)
Required property 'name' not set (Packages/com.unity.timeline/DocCodeExamples/DocCodeExamples.asmdef)
Required property 'name' not set (Packages/com.unity.services.core/Runtime/Core.Internal/Unity.Services.Core.Internal.asmdef)
Required property 'name' not set (Packages/com.unity.services.core/Runtime/Configuration/Unity.Services.Core.Configuration.asmdef)
Required property 'name' not set (Packages/com.unity.services.core/Runtime/Core/Unity.Services.Core.asmdef)
Required property 'name' not set (Packages/com.unity.visualscripting/Runtime/VisualScripting.Core/Unity.VisualScripting.Core.asmdef)
Required property 'name' not set (Packages/com.unity.services.core/Editor/Core/Unity.Services.Core.Editor.asmdef)
Required property 'name' not set (Packages/com.unity.services.core/Editor/Core/Configuration/Unity.Services.Core.Configuration.Editor.asmdef)
Required property 'name' not set (Packages/com.unity.services.core/Runtime/Analytics/Unity.Services.Core.Analytics.asmdef)
Required property 'name' not set (Packages/com.unity.services.core/Runtime/Registration/Unity.Services.Core.Registration.asmdef)
Required property 'name' not set (Packages/com.unity.visualscripting/Editor/VisualScripting.Shared/Unity.VisualScripting.Shared.Editor.asmdef)
Required property 'name' not set (Packages/com.unity.services.core/Runtime/Environments/Unity.Services.Core.Environments.asmdef)
Required property 'name' not set (Packages/com.unity.services.core/Runtime/Scheduler/Unity.Services.Core.Scheduler.asmdef)
Required property 'name' not set (Packages/com.unity.services.core/Runtime/Environments/Internal/Unity.Services.Core.Environments.Internal.asmdef)
Required property 'name' not set (Packages/com.unity.timeline/Editor/Unity.Timeline.Editor.asmdef)
Required property 'name' not set (Packages/com.unity.collab-proxy/Editor/Collaborate/Unity.CollabProxy.Editor.asmdef)
Required property 'name' not set (Packages/com.unity.collab-proxy/Tests/Editor/Collaborate/Unity.CollabProxy.EditorTests.asmdef)
Required property 'name' not set (Packages/com.unity.services.core/Runtime/Threading/Unity.Services.Core.Threading.asmdef)
Required property 'name' not set (Packages/com.unity.collab-proxy/Tests/Editor/PlasticSCM/Unity.PlasticSCM.EditorTests.asmdef)
Required property 'name' not set (Packages/com.unity.visualscripting/Runtime/VisualScripting.State/Unity.VisualScripting.State.asmdef)
Required property 'name' not set (Packages/com.unity.services.core/Runtime/Device/Unity.Services.Core.Device.asmdef)
Begin MonoManager ReloadAssembly
Native extension for UWP target not found
Native extension for WindowsStandalone target not found
Native extension for AppleTV target not found
Native extension for iOS target not found
Native extension for Android target not found
Native extension for WebGL target not found
Refreshing native plugins compatible for Editor in 0.39 ms, found 3 plugins.
Preloading 0 native plugins for Editor in 0.00 ms.
Required property 'name' not set (Packages/com.unity.visualscripting/Editor/VisualScripting.Flow/Unity.VisualScripting.Flow.Editor.asmdef)
Required property 'name' not set (Packages/com.unity.services.core/Runtime/Telemetry/Unity.Services.Core.Telemetry.asmdef)
Required property 'name' not set (Packages/com.unity.timeline/Runtime/Unity.Timeline.asmdef)
Required property 'name' not set (Packages/com.unity.visualscripting/Editor/VisualScripting.Core/Unity.VisualScripting.Core.Editor.asmdef)
Required property 'name' not set (Packages/com.unity.visualscripting/Editor/VisualScripting.State/Unity.VisualScripting.State.Editor.asmdef)
Required property 'name' not set (Packages/com.unity.services.core/Runtime/Networking/Unity.Services.Core.Networking.asmdef)
Required property 'name' not set (Packages/com.unity.visualscripting/Editor/SettingsProvider/Unity.VisualScripting.SettingsProvider.Editor.asmdef)
Required property 'name' not set (Packages/com.unity.visualscripting/Runtime/VisualScripting.Flow/Unity.VisualScripting.Flow.asmdef)
Required property 'name' not set (Packages/com.unity.collab-proxy/Editor/PlasticSCM/Unity.PlasticSCM.Editor.asmdef)
Required property 'name' not set (Packages/com.unity.timeline/DocCodeExamples/DocCodeExamples.asmdef)
Required property 'name' not set (Packages/com.unity.services.core/Runtime/Core.Internal/Unity.Services.Core.Internal.asmdef)
Required property 'name' not set (Packages/com.unity.services.core/Runtime/Configuration/Unity.Services.Core.Configuration.asmdef)
Required property 'name' not set (Packages/com.unity.services.core/Runtime/Core/Unity.Services.Core.asmdef)
Required property 'name' not set (Packages/com.unity.visualscripting/Runtime/VisualScripting.Core/Unity.VisualScripting.Core.asmdef)
Required property 'name' not set (Packages/com.unity.services.core/Editor/Core/Unity.Services.Core.Editor.asmdef)
Required property 'name' not set (Packages/com.unity.services.core/Editor/Core/Configuration/Unity.Services.Core.Configuration.Editor.asmdef)
Required property 'name' not set (Packages/com.unity.services.core/Runtime/Analytics/Unity.Services.Core.Analytics.asmdef)
Required property 'name' not set (Packages/com.unity.services.core/Runtime/Registration/Unity.Services.Core.Registration.asmdef)
Required property 'name' not set (Packages/com.unity.visualscripting/Editor/VisualScripting.Shared/Unity.VisualScripting.Shared.Editor.asmdef)
Required property 'name' not set (Packages/com.unity.services.core/Runtime/Environments/Unity.Services.Core.Environments.asmdef)
Required property 'name' not set (Packages/com.unity.services.core/Runtime/Scheduler/Unity.Services.Core.Scheduler.asmdef)
Required property 'name' not set (Packages/com.unity.services.core/Runtime/Environments/Internal/Unity.Services.Core.Environments.Internal.asmdef)
Required property 'name' not set (Packages/com.unity.timeline/Editor/Unity.Timeline.Editor.asmdef)
Required property 'name' not set (Packages/com.unity.collab-proxy/Editor/Collaborate/Unity.CollabProxy.Editor.asmdef)
Required property 'name' not set (Packages/com.unity.collab-proxy/Tests/Editor/Collaborate/Unity.CollabProxy.EditorTests.asmdef)
Required property 'name' not set (Packages/com.unity.services.core/Runtime/Threading/Unity.Services.Core.Threading.asmdef)
Required property 'name' not set (Packages/com.unity.collab-proxy/Tests/Editor/PlasticSCM/Unity.PlasticSCM.EditorTests.asmdef)
Required property 'name' not set (Packages/com.unity.visualscripting/Runtime/VisualScripting.State/Unity.VisualScripting.State.asmdef)
Required property 'name' not set (Packages/com.unity.services.core/Runtime/Device/Unity.Services.Core.Device.asmdef)
Mono: successfully reloaded assembly
- Completed reload, in  0.655 seconds
Domain Reload Profiling:
	ReloadAssembly (656ms)
		BeginReloadAssembly (110ms)
			ExecutionOrderSort (0ms)
			DisableScriptedObjects (4ms)
			BackupInstance (0ms)
			ReleaseScriptingObjects (0ms)
			CreateAndSetChildDomain (32ms)
		EndReloadAssembly (476ms)
			LoadAssemblies (54ms)
			RebuildTransferFunctionScriptingTraits (0ms)
			SetupTypeCache (129ms)
			ReleaseScriptCaches (1ms)
			RebuildScriptCaches (69ms)
			SetupLoadedEditorAssemblies (188ms)
				LogAssemblyErrors (0ms)
				InitializePlatformSupportModulesInManaged (21ms)
				SetLoadedEditorAssemblies (0ms)
				RefreshPlugins (0ms)
				BeforeProcessingInitializeOnLoad (77ms)
				ProcessInitializeOnLoadAttributes (73ms)
				ProcessInitializeOnLoadMethodAttributes (12ms)
				AfterProcessingInitializeOnLoad (3ms)
				EditorAssembliesLoaded (0ms)
			ExecutionOrderSort2 (0ms)
			AwakeInstancesAfterBackupRestoration (5ms)
Platform modules already initialized, skipping
Refreshing native plugins compatible for Editor in 0.96 ms, found 3 plugins.
Preloading 0 native plugins for Editor in 0.00 ms.
Unloading 3381 Unused Serialized files (Serialized files now loaded: 0)
Unloading 17 unused Assets / (24.7 KB). Loaded Objects now: 3853.
Memory consumption went from 114.4 MB to 114.4 MB.
Total: 1.690300 ms (FindLiveObjects: 0.176100 ms CreateObjectMapping: 0.083900 ms MarkObjects: 1.413300 ms  DeleteObjects: 0.016100 ms)

AssetImportParameters requested are different than current active one (requested -> active):
  custom:video-decoder-ogg-theora: a1e56fd34408186e4bbccfd4996cb3dc -> 
  custom:container-muxer-webm: aa71ff27fc2769a1b78a27578f13a17b -> 
  custom:container-demuxer-webm: 4f35f7cbe854078d1ac9338744f61a02 -> 
  custom:video-encoder-webm-vp8: eb34c28f22e8b96e1ab97ce403110664 -> 
  custom:video-codec-MediaFoundation-h265: 746d11721c4dcdbdad8f713fa42b33f4 -> 
  custom:audio-encoder-webm-vorbis: bf7c407c2cedff20999df2af8eb42d56 -> 
  custom:framework-win-MediaFoundation: 216162199b28c13a410421893ffa2e32 -> 
  custom:container-demuxer-ogg: 62fdf1f143b41e24485cea50d1cbac27 -> 
  custom:video-decoder-webm-vp8: 9c59270c3fd7afecdb556c50c9e8de78 -> 
  custom:audio-decoder-ogg-vorbis: bf7c407c2cedff20999df2af8eb42d56 -> 
========================================================================
Received Prepare
Registering precompiled user dll's ...
Registered in 0.003036 seconds.
Required property 'name' not set (Packages/com.unity.services.core/Runtime/Telemetry/Unity.Services.Core.Telemetry.asmdef)
Required property 'name' not set (Packages/com.unity.services.core/Runtime/Networking/Unity.Services.Core.Networking.asmdef)
Required property 'name' not set (Packages/com.unity.services.core/Runtime/Core.Internal/Unity.Services.Core.Internal.asmdef)
Required property 'name' not set (Packages/com.unity.services.core/Runtime/Configuration/Unity.Services.Core.Configuration.asmdef)
Required property 'name' not set (Packages/com.unity.services.core/Runtime/Core/Unity.Services.Core.asmdef)
Required property 'name' not set (Packages/com.unity.services.core/Editor/Core/Unity.Services.Core.Editor.asmdef)
Required property 'name' not set (Packages/com.unity.services.core/Editor/Core/Configuration/Unity.Services.Core.Configuration.Editor.asmdef)
Required property 'name' not set (Packages/com.unity.services.core/Runtime/Analytics/Unity.Services.Core.Analytics.asmdef)
Required property 'name' not set (Packages/com.unity.services.core/Runtime/Registration/Unity.Services.Core.Registration.asmdef)
Required property 'name' not set (Packages/com.unity.services.core/Runtime/Environments/Unity.Services.Core.Environments.asmdef)
Required property 'name' not set (Packages/com.unity.services.core/Runtime/Scheduler/Unity.Services.Core.Scheduler.asmdef)
Required property 'name' not set (Packages/com.unity.services.core/Runtime/Environments/Internal/Unity.Services.Core.Environments.Internal.asmdef)
Required property 'name' not set (Packages/com.unity.collab-proxy/Editor/Collaborate/Unity.CollabProxy.Editor.asmdef)
Required property 'name' not set (Packages/com.unity.collab-proxy/Tests/Editor/Collaborate/Unity.CollabProxy.EditorTests.asmdef)
Required property 'name' not set (Packages/com.unity.services.core/Runtime/Threading/Unity.Services.Core.Threading.asmdef)
Required property 'name' not set (Packages/com.unity.collab-proxy/Tests/Editor/PlasticSCM/Unity.PlasticSCM.EditorTests.asmdef)
Required property 'name' not set (Packages/com.unity.services.core/Runtime/Device/Unity.Services.Core.Device.asmdef)
Required property 'name' not set (Packages/com.unity.services.core/Runtime/Telemetry/Unity.Services.Core.Telemetry.asmdef)
Required property 'name' not set (Packages/com.unity.services.core/Runtime/Networking/Unity.Services.Core.Networking.asmdef)
Required property 'name' not set (Packages/com.unity.services.core/Runtime/Core.Internal/Unity.Services.Core.Internal.asmdef)
Required property 'name' not set (Packages/com.unity.services.core/Runtime/Configuration/Unity.Services.Core.Configuration.asmdef)
Required property 'name' not set (Packages/com.unity.services.core/Runtime/Core/Unity.Services.Core.asmdef)
Required property 'name' not set (Packages/com.unity.services.core/Editor/Core/Unity.Services.Core.Editor.asmdef)
Required property 'name' not set (Packages/com.unity.services.core/Editor/Core/Configuration/Unity.Services.Core.Configuration.Editor.asmdef)
Required property 'name' not set (Packages/com.unity.services.core/Runtime/Analytics/Unity.Services.Core.Analytics.asmdef)
Required property 'name' not set (Packages/com.unity.services.core/Runtime/Registration/Unity.Services.Core.Registration.asmdef)
Required property 'name' not set (Packages/com.unity.services.core/Runtime/Environments/Unity.Services.Core.Environments.asmdef)
Required property 'name' not set (Packages/com.unity.services.core/Runtime/Scheduler/Unity.Services.Core.Scheduler.asmdef)
Required property 'name' not set (Packages/com.unity.services.core/Runtime/Environments/Internal/Unity.Services.Core.Environments.Internal.asmdef)
Required property 'name' not set (Packages/com.unity.collab-proxy/Editor/Collaborate/Unity.CollabProxy.Editor.asmdef)
Required property 'name' not set (Packages/com.unity.collab-proxy/Tests/Editor/Collaborate/Unity.CollabProxy.EditorTests.asmdef)
Required property 'name' not set (Packages/com.unity.services.core/Runtime/Threading/Unity.Services.Core.Threading.asmdef)
Required property 'name' not set (Packages/com.unity.collab-proxy/Tests/Editor/PlasticSCM/Unity.PlasticSCM.EditorTests.asmdef)
Required property 'name' not set (Packages/com.unity.services.core/Runtime/Device/Unity.Services.Core.Device.asmdef)
Begin MonoManager ReloadAssembly
Symbol file LoadedFromMemory doesn't match image C:\Caden\First-Person-Nartavie\1st per\Library\PackageCache\com.unity.visualscripting@1.8.0\Editor\VisualScripting.Core\Dependencies\YamlDotNet\Unity.VisualScripting.YamlDotNet.dll
Symbol file LoadedFromMemory doesn't match image C:\Caden\First-Person-Nartavie\1st per\Library\PackageCache\com.unity.visualscripting@1.8.0\Editor\VisualScripting.Core\Dependencies\DotNetZip\Unity.VisualScripting.IonicZip.dll
Native extension for UWP target not found
Native extension for WindowsStandalone target not found
Native extension for AppleTV target not found
Native extension for iOS target not found
Native extension for Android target not found
Native extension for WebGL target not found
Refreshing native plugins compatible for Editor in 0.34 ms, found 3 plugins.
Preloading 0 native plugins for Editor in 0.00 ms.
Required property 'name' not set (Packages/com.unity.services.core/Runtime/Telemetry/Unity.Services.Core.Telemetry.asmdef)
Required property 'name' not set (Packages/com.unity.services.core/Runtime/Networking/Unity.Services.Core.Networking.asmdef)
Required property 'name' not set (Packages/com.unity.services.core/Runtime/Core.Internal/Unity.Services.Core.Internal.asmdef)
Required property 'name' not set (Packages/com.unity.services.core/Runtime/Configuration/Unity.Services.Core.Configuration.asmdef)
Required property 'name' not set (Packages/com.unity.services.core/Runtime/Core/Unity.Services.Core.asmdef)
Required property 'name' not set (Packages/com.unity.services.core/Editor/Core/Unity.Services.Core.Editor.asmdef)
Required property 'name' not set (Packages/com.unity.services.core/Editor/Core/Configuration/Unity.Services.Core.Configuration.Editor.asmdef)
Required property 'name' not set (Packages/com.unity.services.core/Runtime/Analytics/Unity.Services.Core.Analytics.asmdef)
Required property 'name' not set (Packages/com.unity.services.core/Runtime/Registration/Unity.Services.Core.Registration.asmdef)
Required property 'name' not set (Packages/com.unity.services.core/Runtime/Environments/Unity.Services.Core.Environments.asmdef)
Required property 'name' not set (Packages/com.unity.services.core/Runtime/Scheduler/Unity.Services.Core.Scheduler.asmdef)
Required property 'name' not set (Packages/com.unity.services.core/Runtime/Environments/Internal/Unity.Services.Core.Environments.Internal.asmdef)
Required property 'name' not set (Packages/com.unity.collab-proxy/Editor/Collaborate/Unity.CollabProxy.Editor.asmdef)
Required property 'name' not set (Packages/com.unity.collab-proxy/Tests/Editor/Collaborate/Unity.CollabProxy.EditorTests.asmdef)
Required property 'name' not set (Packages/com.unity.services.core/Runtime/Threading/Unity.Services.Core.Threading.asmdef)
Required property 'name' not set (Packages/com.unity.collab-proxy/Tests/Editor/PlasticSCM/Unity.PlasticSCM.EditorTests.asmdef)
Required property 'name' not set (Packages/com.unity.services.core/Runtime/Device/Unity.Services.Core.Device.asmdef)
Mono: successfully reloaded assembly
- Completed reload, in  0.704 seconds
Domain Reload Profiling:
	ReloadAssembly (705ms)
		BeginReloadAssembly (93ms)
			ExecutionOrderSort (0ms)
			DisableScriptedObjects (4ms)
			BackupInstance (0ms)
			ReleaseScriptingObjects (0ms)
			CreateAndSetChildDomain (18ms)
		EndReloadAssembly (545ms)
			LoadAssemblies (64ms)
			RebuildTransferFunctionScriptingTraits (0ms)
			SetupTypeCache (186ms)
			ReleaseScriptCaches (0ms)
			RebuildScriptCaches (57ms)
			SetupLoadedEditorAssemblies (202ms)
				LogAssemblyErrors (0ms)
				InitializePlatformSupportModulesInManaged (20ms)
				SetLoadedEditorAssemblies (0ms)
				RefreshPlugins (0ms)
				BeforeProcessingInitializeOnLoad (44ms)
				ProcessInitializeOnLoadAttributes (121ms)
				ProcessInitializeOnLoadMethodAttributes (12ms)
				AfterProcessingInitializeOnLoad (4ms)
				EditorAssembliesLoaded (0ms)
			ExecutionOrderSort2 (0ms)
			AwakeInstancesAfterBackupRestoration (5ms)
Platform modules already initialized, skipping
Refreshing native plugins compatible for Editor in 1.01 ms, found 3 plugins.
Preloading 0 native plugins for Editor in 0.00 ms.
Unloading 3040 Unused Serialized files (Serialized files now loaded: 0)
Unloading 407 unused Assets / (26.8 KB). Loaded Objects now: 3517.
Memory consumption went from 109.3 MB to 109.2 MB.
Total: 1.789500 ms (FindLiveObjects: 0.172700 ms CreateObjectMapping: 0.085900 ms MarkObjects: 1.457800 ms  DeleteObjects: 0.072700 ms)

AssetImportParameters requested are different than current active one (requested -> active):
  custom:video-decoder-ogg-theora: a1e56fd34408186e4bbccfd4996cb3dc -> 
  custom:container-muxer-webm: aa71ff27fc2769a1b78a27578f13a17b -> 
  custom:container-demuxer-webm: 4f35f7cbe854078d1ac9338744f61a02 -> 
  custom:video-encoder-webm-vp8: eb34c28f22e8b96e1ab97ce403110664 -> 
  custom:video-codec-MediaFoundation-h265: 746d11721c4dcdbdad8f713fa42b33f4 -> 
  custom:audio-encoder-webm-vorbis: bf7c407c2cedff20999df2af8eb42d56 -> 
  custom:framework-win-MediaFoundation: 216162199b28c13a410421893ffa2e32 -> 
  custom:container-demuxer-ogg: 62fdf1f143b41e24485cea50d1cbac27 -> 
  custom:video-decoder-webm-vp8: 9c59270c3fd7afecdb556c50c9e8de78 -> 
  custom:audio-decoder-ogg-vorbis: bf7c407c2cedff20999df2af8eb42d56 -> 
========================================================================
Received Import Request.
  Time since last request: 6466.721301 seconds.
  path: Packages/com.unity.performance.profile-analyzer/package.json
  artifactKey: Guid(478e38cbe30254f8c868840b4e2f32e1) Importer(815301076,1909f56bfc062723c751e8b465ee728b)
Start importing Packages/com.unity.performance.profile-analyzer/package.json using Guid(478e38cbe30254f8c868840b4e2f32e1) Importer(815301076,1909f56bfc062723c751e8b465ee728b)  -> (artifact id: '7704c67f382ec1bdbfc9ae25517022ba') in 0.021211 seconds 
========================================================================
Received Import Request.
  Time since last request: 0.538897 seconds.
  path: Packages/com.unity.ide.rider/package.json
  artifactKey: Guid(66c95bb3c74257f41bae2622511dc02d) Importer(815301076,1909f56bfc062723c751e8b465ee728b)
Start importing Packages/com.unity.ide.rider/package.json using Guid(66c95bb3c74257f41bae2622511dc02d) Importer(815301076,1909f56bfc062723c751e8b465ee728b)  -> (artifact id: '84743056ad88ae4384470c31d1e72007') in 0.001670 seconds 
========================================================================
Received Prepare
Registering precompiled user dll's ...
Registered in 0.005422 seconds.
Required property 'name' not set (Packages/com.unity.services.core/Runtime/Telemetry/Unity.Services.Core.Telemetry.asmdef)
Required property 'name' not set (Packages/com.unity.services.core/Runtime/Networking/Unity.Services.Core.Networking.asmdef)
Required property 'name' not set (Packages/com.unity.services.core/Runtime/Core.Internal/Unity.Services.Core.Internal.asmdef)
Required property 'name' not set (Packages/com.unity.services.core/Runtime/Configuration/Unity.Services.Core.Configuration.asmdef)
Required property 'name' not set (Packages/com.unity.services.core/Runtime/Core/Unity.Services.Core.asmdef)
Required property 'name' not set (Packages/com.unity.services.core/Editor/Core/Unity.Services.Core.Editor.asmdef)
Required property 'name' not set (Packages/com.unity.services.core/Editor/Core/Configuration/Unity.Services.Core.Configuration.Editor.asmdef)
Required property 'name' not set (Packages/com.unity.services.core/Runtime/Analytics/Unity.Services.Core.Analytics.asmdef)
Required property 'name' not set (Packages/com.unity.services.core/Runtime/Registration/Unity.Services.Core.Registration.asmdef)
Required property 'name' not set (Packages/com.unity.services.core/Runtime/Environments/Unity.Services.Core.Environments.asmdef)
Required property 'name' not set (Packages/com.unity.services.core/Runtime/Scheduler/Unity.Services.Core.Scheduler.asmdef)
Required property 'name' not set (Packages/com.unity.services.core/Runtime/Environments/Internal/Unity.Services.Core.Environments.Internal.asmdef)
Required property 'name' not set (Packages/com.unity.collab-proxy/Editor/Collaborate/Unity.CollabProxy.Editor.asmdef)
Required property 'name' not set (Packages/com.unity.collab-proxy/Tests/Editor/Collaborate/Unity.CollabProxy.EditorTests.asmdef)
Required property 'name' not set (Packages/com.unity.services.core/Runtime/Threading/Unity.Services.Core.Threading.asmdef)
Required property 'name' not set (Packages/com.unity.collab-proxy/Tests/Editor/PlasticSCM/Unity.PlasticSCM.EditorTests.asmdef)
Required property 'name' not set (Packages/com.unity.services.core/Runtime/Device/Unity.Services.Core.Device.asmdef)
Required property 'name' not set (Packages/com.unity.services.core/Runtime/Telemetry/Unity.Services.Core.Telemetry.asmdef)
Required property 'name' not set (Packages/com.unity.services.core/Runtime/Networking/Unity.Services.Core.Networking.asmdef)
Required property 'name' not set (Packages/com.unity.services.core/Runtime/Core.Internal/Unity.Services.Core.Internal.asmdef)
Required property 'name' not set (Packages/com.unity.services.core/Runtime/Configuration/Unity.Services.Core.Configuration.asmdef)
Required property 'name' not set (Packages/com.unity.services.core/Runtime/Core/Unity.Services.Core.asmdef)
Required property 'name' not set (Packages/com.unity.services.core/Editor/Core/Unity.Services.Core.Editor.asmdef)
Required property 'name' not set (Packages/com.unity.services.core/Editor/Core/Configuration/Unity.Services.Core.Configuration.Editor.asmdef)
Required property 'name' not set (Packages/com.unity.services.core/Runtime/Analytics/Unity.Services.Core.Analytics.asmdef)
Required property 'name' not set (Packages/com.unity.services.core/Runtime/Registration/Unity.Services.Core.Registration.asmdef)
Required property 'name' not set (Packages/com.unity.services.core/Runtime/Environments/Unity.Services.Core.Environments.asmdef)
Required property 'name' not set (Packages/com.unity.services.core/Runtime/Scheduler/Unity.Services.Core.Scheduler.asmdef)
Required property 'name' not set (Packages/com.unity.services.core/Runtime/Environments/Internal/Unity.Services.Core.Environments.Internal.asmdef)
Required property 'name' not set (Packages/com.unity.collab-proxy/Editor/Collaborate/Unity.CollabProxy.Editor.asmdef)
Required property 'name' not set (Packages/com.unity.collab-proxy/Tests/Editor/Collaborate/Unity.CollabProxy.EditorTests.asmdef)
Required property 'name' not set (Packages/com.unity.services.core/Runtime/Threading/Unity.Services.Core.Threading.asmdef)
Required property 'name' not set (Packages/com.unity.collab-proxy/Tests/Editor/PlasticSCM/Unity.PlasticSCM.EditorTests.asmdef)
Required property 'name' not set (Packages/com.unity.services.core/Runtime/Device/Unity.Services.Core.Device.asmdef)
Begin MonoManager ReloadAssembly
Symbol file LoadedFromMemory doesn't match image C:\Caden\First-Person-Nartavie\1st per\Library\PackageCache\com.unity.visualscripting@1.8.0\Editor\VisualScripting.Core\Dependencies\YamlDotNet\Unity.VisualScripting.YamlDotNet.dll
Symbol file LoadedFromMemory doesn't match image C:\Caden\First-Person-Nartavie\1st per\Library\PackageCache\com.unity.visualscripting@1.8.0\Editor\VisualScripting.Core\Dependencies\DotNetZip\Unity.VisualScripting.IonicZip.dll
Native extension for UWP target not found
Native extension for WindowsStandalone target not found
Native extension for AppleTV target not found
Native extension for iOS target not found
Native extension for Android target not found
Native extension for WebGL target not found
Refreshing native plugins compatible for Editor in 0.73 ms, found 3 plugins.
Preloading 0 native plugins for Editor in 0.00 ms.
Required property 'name' not set (Packages/com.unity.services.core/Runtime/Telemetry/Unity.Services.Core.Telemetry.asmdef)
Required property 'name' not set (Packages/com.unity.services.core/Runtime/Networking/Unity.Services.Core.Networking.asmdef)
Required property 'name' not set (Packages/com.unity.services.core/Runtime/Core.Internal/Unity.Services.Core.Internal.asmdef)
Required property 'name' not set (Packages/com.unity.services.core/Runtime/Configuration/Unity.Services.Core.Configuration.asmdef)
Required property 'name' not set (Packages/com.unity.services.core/Runtime/Core/Unity.Services.Core.asmdef)
Required property 'name' not set (Packages/com.unity.services.core/Editor/Core/Unity.Services.Core.Editor.asmdef)
Required property 'name' not set (Packages/com.unity.services.core/Editor/Core/Configuration/Unity.Services.Core.Configuration.Editor.asmdef)
Required property 'name' not set (Packages/com.unity.services.core/Runtime/Analytics/Unity.Services.Core.Analytics.asmdef)
Required property 'name' not set (Packages/com.unity.services.core/Runtime/Registration/Unity.Services.Core.Registration.asmdef)
Required property 'name' not set (Packages/com.unity.services.core/Runtime/Environments/Unity.Services.Core.Environments.asmdef)
Required property 'name' not set (Packages/com.unity.services.core/Runtime/Scheduler/Unity.Services.Core.Scheduler.asmdef)
Required property 'name' not set (Packages/com.unity.services.core/Runtime/Environments/Internal/Unity.Services.Core.Environments.Internal.asmdef)
Required property 'name' not set (Packages/com.unity.collab-proxy/Editor/Collaborate/Unity.CollabProxy.Editor.asmdef)
Required property 'name' not set (Packages/com.unity.collab-proxy/Tests/Editor/Collaborate/Unity.CollabProxy.EditorTests.asmdef)
Required property 'name' not set (Packages/com.unity.services.core/Runtime/Threading/Unity.Services.Core.Threading.asmdef)
Required property 'name' not set (Packages/com.unity.collab-proxy/Tests/Editor/PlasticSCM/Unity.PlasticSCM.EditorTests.asmdef)
Required property 'name' not set (Packages/com.unity.services.core/Runtime/Device/Unity.Services.Core.Device.asmdef)
Mono: successfully reloaded assembly
- Completed reload, in  1.193 seconds
Domain Reload Profiling:
	ReloadAssembly (1194ms)
		BeginReloadAssembly (237ms)
			ExecutionOrderSort (0ms)
			DisableScriptedObjects (9ms)
			BackupInstance (0ms)
			ReleaseScriptingObjects (0ms)
			CreateAndSetChildDomain (70ms)
		EndReloadAssembly (767ms)
			LoadAssemblies (146ms)
			RebuildTransferFunctionScriptingTraits (0ms)
			SetupTypeCache (404ms)
			ReleaseScriptCaches (1ms)
			RebuildScriptCaches (32ms)
			SetupLoadedEditorAssemblies (190ms)
				LogAssemblyErrors (0ms)
				InitializePlatformSupportModulesInManaged (22ms)
				SetLoadedEditorAssemblies (0ms)
				RefreshPlugins (1ms)
				BeforeProcessingInitializeOnLoad (79ms)
				ProcessInitializeOnLoadAttributes (68ms)
				ProcessInitializeOnLoadMethodAttributes (14ms)
				AfterProcessingInitializeOnLoad (4ms)
				EditorAssembliesLoaded (0ms)
			ExecutionOrderSort2 (0ms)
			AwakeInstancesAfterBackupRestoration (5ms)
Platform modules already initialized, skipping
Shader 'Universal Render Pipeline/Particles/Simple Lit': fallback shader 'Universal Render Pipeline/Particles/Unlit' not found
Shader 'Universal Render Pipeline/Nature/SpeedTree7': fallback shader 'Hidden/Universal Render Pipeline/FallbackError' not found
Shader 'Universal Render Pipeline/Nature/SpeedTree7': dependency 'BillboardShader' shader 'Universal Render Pipeline/Nature/SpeedTree7 Billboard' not found
Shader 'Hidden/Universal Render Pipeline/Terrain/Lit (Add Pass)': fallback shader 'Hidden/Universal Render Pipeline/FallbackError' not found
Shader 'Hidden/Universal Render Pipeline/Terrain/Lit (Base Pass)': fallback shader 'Hidden/Universal Render Pipeline/FallbackError' not found
WARNING: Shader Unsupported: 'Hidden/Universal Render Pipeline/Terrain/Lit (Base Pass)' - All subshaders removed
WARNING: Shader Did you use #pragma only_renderers and omit this platform?
WARNING: Shader If subshaders removal was intentional, you may have forgotten turning Fallback off?
WARNING: Shader Unsupported: 'Hidden/Universal Render Pipeline/Terrain/Lit (Base Pass)' - All subshaders removed
WARNING: Shader Did you use #pragma only_renderers and omit this platform?
WARNING: Shader If subshaders removal was intentional, you may have forgotten turning Fallback off?
Shader 'Universal Render Pipeline/Unlit': fallback shader 'Hidden/Universal Render Pipeline/FallbackError' not found
Shader 'Hidden/Universal Render Pipeline/StencilDeferred': fallback shader 'Hidden/Universal Render Pipeline/FallbackError' not found
Shader 'Universal Render Pipeline/Simple Lit': fallback shader 'Hidden/Universal Render Pipeline/FallbackError' not found
Shader 'Hidden/Universal Render Pipeline/FallbackError': fallback shader 'Hidden/Core/FallbackError' not found
Refreshing native plugins compatible for Editor in 1.58 ms, found 3 plugins.
Preloading 0 native plugins for Editor in 0.00 ms.
Unloading 5288 Unused Serialized files (Serialized files now loaded: 0)
Unloading 99 unused Assets / (6.5 MB). Loaded Objects now: 5682.
Memory consumption went from 204.5 MB to 197.9 MB.
Total: 3.550200 ms (FindLiveObjects: 0.286000 ms CreateObjectMapping: 0.150700 ms MarkObjects: 1.388800 ms  DeleteObjects: 1.724000 ms)

AssetImportParameters requested are different than current active one (requested -> active):
  custom:video-decoder-ogg-theora: a1e56fd34408186e4bbccfd4996cb3dc -> 
  custom:container-muxer-webm: aa71ff27fc2769a1b78a27578f13a17b -> 
  custom:container-demuxer-webm: 4f35f7cbe854078d1ac9338744f61a02 -> 
  custom:postprocessor/textureSprite: c7b1773857ade06b12134bb5dea4a409 -> 1909f56bfc062723c751e8b465ee728b
  custom:video-encoder-webm-vp8: eb34c28f22e8b96e1ab97ce403110664 -> 
  custom:video-codec-MediaFoundation-h265: 746d11721c4dcdbdad8f713fa42b33f4 -> 
  custom:audio-encoder-webm-vorbis: bf7c407c2cedff20999df2af8eb42d56 -> 
  custom:framework-win-MediaFoundation: 216162199b28c13a410421893ffa2e32 -> 
  custom:container-demuxer-ogg: 62fdf1f143b41e24485cea50d1cbac27 -> 
  custom:video-decoder-webm-vp8: 9c59270c3fd7afecdb556c50c9e8de78 -> 
  custom:audio-decoder-ogg-vorbis: bf7c407c2cedff20999df2af8eb42d56 -> 
